<?xml version="1.0" encoding="UTF-8"?>
<!-- Generated by org.testng.reporters.JUnitReportReporter -->
<testsuite hostname="Omer-PC" name="appointment_test.Insurance" tests="2" failures="0" timestamp="2 Aug 2016 08:07:28 GMT" time="36.271" errors="0">
  <testcase name="cancelAppointment" time="10.118" classname="appointment_test.Insurance"/>
  <testcase name="insuranceAdd" time="26.153" classname="appointment_test.Insurance"/>
</testsuite> <!-- appointment_test.Insurance -->
