<?xml version="1.0" encoding="UTF-8"?>
<!-- Generated by org.testng.reporters.JUnitReportReporter -->
<testsuite hostname="Omer-PC" name="testcasses_dentalcare.SameDiease" tests="5" failures="0" timestamp="19 Jul 2016 18:02:01 GMT" time="165.913" errors="0">
  <testcase name="setProcedure" time="12.471" classname="testcasses_dentalcare.SameDiease"/>
  <testcase name="setDoctorNotes" time="21.601" classname="testcasses_dentalcare.SameDiease"/>
  <testcase name="setPrimaryDiease" time="22.488" classname="testcasses_dentalcare.SameDiease"/>
  <testcase name="orderSet" time="93.388" classname="testcasses_dentalcare.SameDiease"/>
  <testcase name="setAdditionalDiagnosis" time="15.965" classname="testcasses_dentalcare.SameDiease"/>
</testsuite> <!-- testcasses_dentalcare.SameDiease -->
