<?xml version="1.0" encoding="UTF-8"?>
<!-- Generated by org.testng.reporters.JUnitReportReporter -->
<testsuite hostname="Omer-PC" name="testcasses_dentalcare.Set" tests="6" failures="0" timestamp="15 Jul 2016 14:55:08 GMT" time="201.598" errors="0">
  <testcase name="setProcedure" time="32.783" classname="testcasses_dentalcare.Set"/>
  <testcase name="insertMedcine" time="26.297" classname="testcasses_dentalcare.Set"/>
  <testcase name="orderSet" time="99.442" classname="testcasses_dentalcare.Set"/>
  <testcase name="setDoctorNotes" time="1.172" classname="testcasses_dentalcare.Set"/>
  <testcase name="setComplaint" time="20.472" classname="testcasses_dentalcare.Set"/>
  <testcase name="setPrimaryDiease" time="21.432" classname="testcasses_dentalcare.Set"/>
</testsuite> <!-- testcasses_dentalcare.Set -->
