<?xml version="1.0" encoding="UTF-8"?>
<!-- Generated by org.testng.reporters.JUnitReportReporter -->
<testsuite hostname="Omer-PC" name="testcasses_dentalcare.Set" tests="6" failures="0" timestamp="24 Jun 2016 08:32:23 GMT" time="117.541" errors="0">
  <testcase name="setProcedure" time="4.612" classname="testcasses_dentalcare.Set"/>
  <testcase name="insertMedcine" time="34.958" classname="testcasses_dentalcare.Set"/>
  <testcase name="setPrimaryDiease" time="2.395" classname="testcasses_dentalcare.Set"/>
  <testcase name="orderSet" time="73.538" classname="testcasses_dentalcare.Set"/>
  <testcase name="setComplaint" time="0.843" classname="testcasses_dentalcare.Set"/>
  <testcase name="setDoctorNotes" time="1.195" classname="testcasses_dentalcare.Set"/>
</testsuite> <!-- testcasses_dentalcare.Set -->
