<?xml version="1.0" encoding="UTF-8"?>
<!-- Generated by org.testng.reporters.JUnitReportReporter -->
<testsuite hostname="Omer-PC" name="appointment_test.NewTest" tests="1" failures="0" timestamp="26 Jul 2016 14:28:04 GMT" time="162.961" errors="0">
  <testcase name="f" time="162.961" classname="appointment_test.NewTest"/>
</testsuite> <!-- appointment_test.NewTest -->
