<?xml version="1.0" encoding="UTF-8"?>
<!-- Generated by org.testng.reporters.JUnitReportReporter -->
<testsuite hostname="Omer-PC" name="testcasses_dentalcare.DCare" tests="3" failures="0" timestamp="2 Jul 2016 07:49:00 GMT" time="146.423" errors="0">
  <testcase name="orderSet" time="86.664" classname="testcasses_dentalcare.DCare"/>
  <testcase name="setFavoriteDiease" time="14.648" classname="testcasses_dentalcare.DCare"/>
  <testcase name="selectTeeth" time="45.111" classname="testcasses_dentalcare.DCare"/>
</testsuite> <!-- testcasses_dentalcare.DCare -->
