<?xml version="1.0" encoding="UTF-8"?>
<!-- Generated by org.testng.reporters.JUnitReportReporter -->
<testsuite hostname="Omer-PC" name="testcasses_dentalcare.DCare" tests="6" failures="0" timestamp="19 Jul 2016 18:30:41 GMT" time="198.358" errors="0">
  <testcase name="setProcedure" time="12.398" classname="testcasses_dentalcare.DCare"/>
  <testcase name="selectTeeth" time="43.708" classname="testcasses_dentalcare.DCare"/>
  <testcase name="setDoctorNotes" time="21.572" classname="testcasses_dentalcare.DCare"/>
  <testcase name="setPrimaryDiease" time="22.469" classname="testcasses_dentalcare.DCare"/>
  <testcase name="orderSet" time="95.847" classname="testcasses_dentalcare.DCare"/>
  <testcase name="setAdditionalDiagnosis" time="2.364" classname="testcasses_dentalcare.DCare"/>
</testsuite> <!-- testcasses_dentalcare.DCare -->
