<?xml version="1.0" encoding="UTF-8"?>
<!-- Generated by org.testng.reporters.JUnitReportReporter -->
<testsuite hostname="Omer-PC" name="testcasses_dentalcare.OrderSet" tests="1" failures="0" timestamp="23 Jun 2016 07:19:33 GMT" time="71.564" errors="0">
  <testcase name="orderSet" time="71.564" classname="testcasses_dentalcare.OrderSet"/>
</testsuite> <!-- testcasses_dentalcare.OrderSet -->
