<?xml version="1.0" encoding="UTF-8"?>
<!-- Generated by org.testng.reporters.JUnitReportReporter -->
<testsuite hostname="Omer-PC" name="appointment_test.FutureAppointment" tests="2" failures="0" timestamp="27 Jul 2016 09:35:20 GMT" time="142.283" errors="0">
  <testcase name="future" time="34.491" classname="appointment_test.FutureAppointment"/>
  <testcase name="paymentCardCreditCash" time="107.792" classname="appointment_test.FutureAppointment"/>
</testsuite> <!-- appointment_test.FutureAppointment -->
