<?xml version="1.0" encoding="UTF-8"?>
<!-- Generated by org.testng.reporters.JUnitReportReporter -->
<testsuite hostname="Omer-PC" name="testcasses_dentalcare.FavoriteSet" tests="3" failures="0" timestamp="24 Jun 2016 10:22:08 GMT" time="77.452" errors="0">
  <testcase name="orderSet" time="73.466" classname="testcasses_dentalcare.FavoriteSet"/>
  <testcase name="setFavoriteProcedure" time="3.067" classname="testcasses_dentalcare.FavoriteSet"/>
  <testcase name="setComplaint" time="0.919" classname="testcasses_dentalcare.FavoriteSet"/>
</testsuite> <!-- testcasses_dentalcare.FavoriteSet -->
