<?xml version="1.0" encoding="UTF-8"?>
<!-- Generated by org.testng.reporters.JUnitReportReporter -->
<testsuite hostname="Omer-PC" name="test.LoginTest" tests="1" failures="0" timestamp="3 Aug 2016 06:41:09 GMT" time="34.354" errors="0">
  <testcase name="Login" time="34.354" classname="test.LoginTest"/>
</testsuite> <!-- test.LoginTest -->
