<?xml version="1.0" encoding="UTF-8"?>
<!-- Generated by org.testng.reporters.JUnitReportReporter -->
<testsuite hostname="Omer-PC" name="testcasses_eprescription.DeleteEprescription" tests="8" failures="0" timestamp="20 Jun 2016 07:53:43 GMT" time="155.653" errors="0">
  <testcase name="deleProcedure" time="2.172" classname="testcasses_eprescription.DeleteEprescription"/>
  <testcase name="deleteDiet" time="1.197" classname="testcasses_eprescription.DeleteEprescription"/>
  <testcase name="deleteMedicine" time="11.218" classname="testcasses_eprescription.DeleteEprescription"/>
  <testcase name="deleteBillingNote" time="2.247" classname="testcasses_eprescription.DeleteEprescription"/>
  <testcase name="deleteDiease" time="2.205" classname="testcasses_eprescription.DeleteEprescription"/>
  <testcase name="deleteComplaints" time="124.260" classname="testcasses_eprescription.DeleteEprescription"/>
  <testcase name="deleteLab" time="11.245" classname="testcasses_eprescription.DeleteEprescription"/>
  <testcase name="deleteDoctorNotes" time="1.109" classname="testcasses_eprescription.DeleteEprescription"/>
</testsuite> <!-- testcasses_eprescription.DeleteEprescription -->
