<?xml version="1.0" encoding="UTF-8"?>
<!-- Generated by org.testng.reporters.JUnitReportReporter -->
<testsuite hostname="Omer-PC" name="testcasses_dentalcare.FNFX" tests="7" failures="0" timestamp="19 Jul 2016 18:10:38 GMT" time="209.340" errors="0">
  <testcase name="setProcedure" time="12.408" classname="testcasses_dentalcare.FNFX"/>
  <testcase name="selectTeeth" time="54.707" classname="testcasses_dentalcare.FNFX"/>
  <testcase name="setDoctorNotes" time="21.749" classname="testcasses_dentalcare.FNFX"/>
  <testcase name="setTeeth" time="2.422" classname="testcasses_dentalcare.FNFX"/>
  <testcase name="setPrimaryDiease" time="22.505" classname="testcasses_dentalcare.FNFX"/>
  <testcase name="orderSet" time="93.089" classname="testcasses_dentalcare.FNFX"/>
  <testcase name="setAdditionalDiagnosis" time="2.460" classname="testcasses_dentalcare.FNFX"/>
</testsuite> <!-- testcasses_dentalcare.FNFX -->
