<?xml version="1.0" encoding="UTF-8"?>
<!-- Generated by org.testng.reporters.JUnitReportReporter -->
<testsuite hostname="Omer-PC" name="testcasses_eprescription.FavoriteOrder" tests="6" failures="0" timestamp="18 Jul 2016 13:48:42 GMT" time="452.381" errors="0">
  <testcase name="complaints" time="164.231" classname="testcasses_eprescription.FavoriteOrder"/>
  <testcase name="setFavoriteMedicine" time="83.304" classname="testcasses_eprescription.FavoriteOrder"/>
  <testcase name="applyFavoriteOrderSet" time="23.940" classname="testcasses_eprescription.FavoriteOrder"/>
  <testcase name="setProcedureDataFavorite" time="27.486" classname="testcasses_eprescription.FavoriteOrder"/>
  <testcase name="setDisease" time="44.578" classname="testcasses_eprescription.FavoriteOrder"/>
  <testcase name="setLab" time="108.842" classname="testcasses_eprescription.FavoriteOrder"/>
</testsuite> <!-- testcasses_eprescription.FavoriteOrder -->
