<?xml version="1.0" encoding="UTF-8"?>
<!-- Generated by org.testng.reporters.JUnitReportReporter -->
<testsuite hostname="Omer-PC" name="appointment_test.Payment" tests="3" failures="0" timestamp="25 Jul 2016 12:02:34 GMT" time="64.428" errors="0">
  <testcase name="login" time="25.832" classname="appointment_test.Payment"/>
  <testcase name="checkAppointment" time="10.579" classname="appointment_test.Payment"/>
  <testcase name="editAppointment" time="28.017" classname="appointment_test.Payment"/>
</testsuite> <!-- appointment_test.Payment -->
