<?xml version="1.0" encoding="UTF-8"?>
<!-- Generated by org.testng.reporters.JUnitReportReporter -->
<testsuite hostname="Omer-PC" name="testcasses_eprescription.medicalCertificate" tests="1" failures="0" timestamp="19 Jul 2016 11:52:25 GMT" time="137.183" errors="0">
  <testcase name="enterData" time="137.183" classname="testcasses_eprescription.medicalCertificate"/>
</testsuite> <!-- testcasses_eprescription.medicalCertificate -->
