<?xml version="1.0" encoding="UTF-8"?>
<!-- Generated by org.testng.reporters.JUnitReportReporter -->
<testsuite hostname="Omer-PC" name="appointment_test.AppointmentTest" tests="2" failures="0" timestamp="2 Aug 2016 07:02:32 GMT" time="85.368" errors="0">
  <testcase name="totalAppointment" time="24.800" classname="appointment_test.AppointmentTest"/>
  <testcase name="doAppointment" time="60.568" classname="appointment_test.AppointmentTest"/>
</testsuite> <!-- appointment_test.AppointmentTest -->
