<?xml version="1.0" encoding="UTF-8"?>
<!-- Generated by org.testng.reporters.JUnitReportReporter -->
<testsuite hostname="Omer-PC" name="appointment_test.Confirmed" tests="2" failures="0" timestamp="25 Jul 2016 05:21:41 GMT" time="194.515" errors="0">
  <testcase name="login" time="35.857" classname="appointment_test.Confirmed"/>
  <testcase name="checkPatientAlreadyAppointment" time="158.658" classname="appointment_test.Confirmed"/>
</testsuite> <!-- appointment_test.Confirmed -->
