<?xml version="1.0" encoding="UTF-8"?>
<!-- Generated by org.testng.reporters.JUnitReportReporter -->
<testsuite hostname="Omer-PC" name="testcasses_eprescription.HistoryEdit" tests="1" failures="0" timestamp="21 Jun 2016 12:22:58 GMT" time="86.206" errors="0">
  <testcase name="searchName" time="86.206" classname="testcasses_eprescription.HistoryEdit"/>
</testsuite> <!-- testcasses_eprescription.HistoryEdit -->
