<?xml version="1.0" encoding="UTF-8"?>
<!-- Generated by org.testng.reporters.JUnitReportReporter -->
<testsuite hostname="Omer-PC" name="testcasses_eprescription.FavoriteEprescription" tests="1" failures="0" timestamp="21 Jun 2016 08:19:44 GMT" time="64.626" errors="0">
  <testcase name="caclulateYoungsRule" time="64.626" classname="testcasses_eprescription.FavoriteEprescription"/>
</testsuite> <!-- testcasses_eprescription.FavoriteEprescription -->
