<?xml version="1.0" encoding="UTF-8"?>
<!-- Generated by org.testng.reporters.JUnitReportReporter -->
<testsuite hostname="Omer-PC" name="testcasses_eprescription.Eprescription" tests="2" failures="0" timestamp="19 Jun 2016 08:16:37 GMT" time="123.922" errors="0">
  <testcase name="insertLabMedicine" time="123.914" classname="testcasses_eprescription.Eprescription"/>
  <testcase name="insertManualProcedure" time="0.008" classname="testcasses_eprescription.Eprescription"/>
</testsuite> <!-- testcasses_eprescription.Eprescription -->
