<?xml version="1.0" encoding="UTF-8"?>
<!-- Generated by org.testng.reporters.JUnitReportReporter -->
<testsuite hostname="Omer-PC" name="appointment_test.AppointmentTest" tests="2" failures="0" timestamp="21 Jul 2016 10:28:06 GMT" time="76.440" errors="0">
  <testcase name="totalAppointment" time="38.968" classname="appointment_test.AppointmentTest"/>
  <testcase name="checkDisabledAppointment" time="37.472" classname="appointment_test.AppointmentTest"/>
</testsuite> <!-- appointment_test.AppointmentTest -->
