<?xml version="1.0" encoding="UTF-8"?>
<!-- Generated by org.testng.reporters.JUnitReportReporter -->
<testsuite hostname="Omer-PC" name="testcasses_eprescription.ManualEprescription" tests="10" failures="0" timestamp="18 Jul 2016 09:06:49 GMT" time="219.555" errors="0">
  <testcase name="insertManualProcedure" time="62.927" classname="testcasses_eprescription.ManualEprescription"/>
  <testcase name="insertLabSetManual" time="22.956" classname="testcasses_eprescription.ManualEprescription"/>
  <testcase name="insertLabManual" time="22.651" classname="testcasses_eprescription.ManualEprescription"/>
  <testcase name="insertLabSetInsComm" time="22.250" classname="testcasses_eprescription.ManualEprescription"/>
  <testcase name="insertLabRComments" time="12.477" classname="testcasses_eprescription.ManualEprescription"/>
  <testcase name="calculateDosage" time="0.001" classname="testcasses_eprescription.ManualEprescription"/>
  <testcase name="insertCompDNotes" time="3.524" classname="testcasses_eprescription.ManualEprescription"/>
  <testcase name="insertDiet" time="2.434" classname="testcasses_eprescription.ManualEprescription"/>
  <testcase name="insertManualDiease" time="33.818" classname="testcasses_eprescription.ManualEprescription"/>
  <testcase name="insertMedicineManual" time="36.517" classname="testcasses_eprescription.ManualEprescription"/>
</testsuite> <!-- testcasses_eprescription.ManualEprescription -->
