<?xml version="1.0" encoding="UTF-8"?>
<!-- Generated by org.testng.reporters.JUnitReportReporter -->
<testsuite hostname="Omer-PC" name="testcasses_eprescription.QuickHistoryTest" tests="3" failures="0" timestamp="19 Jul 2016 09:39:09 GMT" time="405.272" errors="0">
  <testcase name="verifyMrNumber" time="211.371" classname="testcasses_eprescription.QuickHistoryTest"/>
  <testcase name="invalidDates" time="61.173" classname="testcasses_eprescription.QuickHistoryTest"/>
  <testcase name="AllClinic" time="132.728" classname="testcasses_eprescription.QuickHistoryTest"/>
</testsuite> <!-- testcasses_eprescription.QuickHistoryTest -->
