<?xml version="1.0" encoding="UTF-8"?>
<!-- Generated by org.testng.reporters.JUnitReportReporter -->
<testsuite hostname="Omer-PC" name="testcasses_eprescription.FavoriteOrder" tests="6" failures="0" timestamp="27 Jun 2016 07:36:20 GMT" time="452.859" errors="0">
  <testcase name="setFavoriteMedicine" time="81.748" classname="testcasses_eprescription.FavoriteOrder"/>
  <testcase name="setProcedureDataFavorite" time="27.070" classname="testcasses_eprescription.FavoriteOrder"/>
  <testcase name="applyFavoriteOrderSet" time="21.685" classname="testcasses_eprescription.FavoriteOrder"/>
  <testcase name="setLab" time="109.007" classname="testcasses_eprescription.FavoriteOrder"/>
  <testcase name="setDisease" time="44.670" classname="testcasses_eprescription.FavoriteOrder"/>
  <testcase name="complaints" time="168.679" classname="testcasses_eprescription.FavoriteOrder"/>
</testsuite> <!-- testcasses_eprescription.FavoriteOrder -->
