<?xml version="1.0" encoding="UTF-8"?>
<!-- Generated by org.testng.reporters.JUnitReportReporter -->
<testsuite hostname="Omer-PC" name="testcasses_eprescription.ManualOrder" tests="7" failures="0" timestamp="18 Jul 2016 12:45:43 GMT" time="420.917" errors="0">
  <testcase name="setProcedureData" time="40.833" classname="testcasses_eprescription.ManualOrder"/>
  <testcase name="setLab" time="48.023" classname="testcasses_eprescription.ManualOrder"/>
  <testcase name="applyOrderSet" time="38.264" classname="testcasses_eprescription.ManualOrder"/>
  <testcase name="setnotes" time="63.334" classname="testcasses_eprescription.ManualOrder"/>
  <testcase name="complaints" time="128.373" classname="testcasses_eprescription.ManualOrder"/>
  <testcase name="setMedicine" time="69.711" classname="testcasses_eprescription.ManualOrder"/>
  <testcase name="setDisease" time="32.379" classname="testcasses_eprescription.ManualOrder"/>
</testsuite> <!-- testcasses_eprescription.ManualOrder -->
