<?xml version="1.0" encoding="UTF-8"?>
<!-- Generated by org.testng.reporters.JUnitReportReporter -->
<testsuite hostname="Omer-PC" name="testcasses_dentalcare.HistoryEdt" tests="2" failures="0" timestamp="27 Jun 2016 11:16:44 GMT" time="87.011" errors="0">
  <testcase name="orderSet" time="84.405" classname="testcasses_dentalcare.HistoryEdt"/>
  <testcase name="currentPatient" time="2.606" classname="testcasses_dentalcare.HistoryEdt"/>
</testsuite> <!-- testcasses_dentalcare.HistoryEdt -->
