<?xml version="1.0" encoding="UTF-8"?>
<!-- Generated by org.testng.reporters.JUnitReportReporter -->
<testsuite hostname="Omer-PC" name="testcasses_dentalcare.HistoryQuick" tests="3" failures="0" timestamp="28 Jun 2016 11:47:49 GMT" time="92.791" errors="0">
  <testcase name="allClinick" time="0.001" classname="testcasses_dentalcare.HistoryQuick"/>
  <testcase name="QuickHistory" time="92.789" classname="testcasses_dentalcare.HistoryQuick"/>
  <testcase name="toDate" time="0.001" classname="testcasses_dentalcare.HistoryQuick"/>
</testsuite> <!-- testcasses_dentalcare.HistoryQuick -->
