<?xml version="1.0" encoding="UTF-8"?>
<!-- Generated by org.testng.reporters.JUnitReportReporter -->
<testsuite hostname="Omer-PC" name="testcasses_eprescription.ManualOrder" tests="7" failures="0" timestamp="27 Jun 2016 07:03:31 GMT" time="421.594" errors="0">
  <testcase name="setnotes" time="63.291" classname="testcasses_eprescription.ManualOrder"/>
  <testcase name="setDisease" time="32.371" classname="testcasses_eprescription.ManualOrder"/>
  <testcase name="applyOrderSet" time="43.292" classname="testcasses_eprescription.ManualOrder"/>
  <testcase name="setMedicine" time="69.318" classname="testcasses_eprescription.ManualOrder"/>
  <testcase name="setLab" time="47.602" classname="testcasses_eprescription.ManualOrder"/>
  <testcase name="complaints" time="124.930" classname="testcasses_eprescription.ManualOrder"/>
  <testcase name="setProcedureData" time="40.790" classname="testcasses_eprescription.ManualOrder"/>
</testsuite> <!-- testcasses_eprescription.ManualOrder -->
