<?xml version="1.0" encoding="UTF-8"?>
<!-- Generated by org.testng.reporters.JUnitReportReporter -->
<testsuite hostname="Omer-PC" name="test.Registertest" tests="1" failures="0" timestamp="26 Jul 2016 08:38:06 GMT" time="203.631" errors="0">
  <testcase name="Registring" time="203.631" classname="test.Registertest"/>
</testsuite> <!-- test.Registertest -->
