<?xml version="1.0" encoding="UTF-8"?>
<!-- Generated by org.testng.reporters.JUnitReportReporter -->
<testsuite hostname="Omer-PC" name="testcasses_dentalcare.ChildCare" tests="8" failures="0" timestamp="19 Jul 2016 17:44:40 GMT" time="247.391" errors="0">
  <testcase name="save" time="10.308" classname="testcasses_dentalcare.ChildCare"/>
  <testcase name="setPrimaryDiease" time="22.369" classname="testcasses_dentalcare.ChildCare"/>
  <testcase name="setProcedure" time="12.515" classname="testcasses_dentalcare.ChildCare"/>
  <testcase name="setAdditionalDiagnosis" time="2.386" classname="testcasses_dentalcare.ChildCare"/>
  <testcase name="orderSet" time="94.306" classname="testcasses_dentalcare.ChildCare"/>
  <testcase name="selectTeeth" time="31.757" classname="testcasses_dentalcare.ChildCare"/>
  <testcase name="selectMedicine" time="52.151" classname="testcasses_dentalcare.ChildCare"/>
  <testcase name="setDoctorNotes" time="21.599" classname="testcasses_dentalcare.ChildCare"/>
</testsuite> <!-- testcasses_dentalcare.ChildCare -->
