<?xml version="1.0" encoding="UTF-8"?>
<!-- Generated by org.testng.reporters.JUnitReportReporter -->
<testsuite hostname="Omer-PC" name="testcasses_eprescription.FavoriteEprescription" tests="11" failures="0" timestamp="19 Jul 2016 06:57:47 GMT" time="430.353" errors="0">
  <testcase name="insertLabSetInsComm" time="4.618" classname="testcasses_eprescription.FavoriteEprescription"/>
  <testcase name="insertFavoriteProcedure" time="27.512" classname="testcasses_eprescription.FavoriteEprescription"/>
  <testcase name="insertCompDNotes" time="4.492" classname="testcasses_eprescription.FavoriteEprescription"/>
  <testcase name="insertFavoriteDieases" time="6.193" classname="testcasses_eprescription.FavoriteEprescription"/>
  <testcase name="insertDiet" time="49.169" classname="testcasses_eprescription.FavoriteEprescription"/>
  <testcase name="insertLabFavorite" time="43.816" classname="testcasses_eprescription.FavoriteEprescription"/>
  <testcase name="caclulateYoungsRule" time="94.356" classname="testcasses_eprescription.FavoriteEprescription"/>
  <testcase name="insertLabRComments" time="13.343" classname="testcasses_eprescription.FavoriteEprescription"/>
  <testcase name="insertMedicineFavorite" time="66.744" classname="testcasses_eprescription.FavoriteEprescription"/>
  <testcase name="calculateDosageWeight" time="76.718" classname="testcasses_eprescription.FavoriteEprescription"/>
  <testcase name="insertLabSetFavorite" time="43.392" classname="testcasses_eprescription.FavoriteEprescription"/>
</testsuite> <!-- testcasses_eprescription.FavoriteEprescription -->
