<?xml version="1.0" encoding="UTF-8"?>
<!-- Generated by org.testng.reporters.JUnitReportReporter -->
<testsuite hostname="Omer-PC" name="testcasses_eprescription.Vital" tests="1" failures="0" timestamp="19 Jul 2016 13:12:38 GMT" time="10.356" errors="0">
  <testcase name="search" time="10.356" classname="testcasses_eprescription.Vital"/>
</testsuite> <!-- testcasses_eprescription.Vital -->
