<?xml version="1.0" encoding="UTF-8"?>
<!-- Generated by org.testng.reporters.JUnitReportReporter -->
<testsuite hostname="Omer-PC" name="appointment_test.Urgent" tests="2" failures="0" timestamp="25 Jul 2016 03:42:48 GMT" time="77.775" errors="0">
  <testcase name="checkDisabled" time="44.503" classname="appointment_test.Urgent"/>
  <testcase name="totalAppointment" time="33.272" classname="appointment_test.Urgent"/>
</testsuite> <!-- appointment_test.Urgent -->
